Symlinking /home/vsarathy/proj/tools_sandbox/ros_packages/ros_macgyver/devel/include/mongodb_store/MongoFindResponse.h
Symlinking /home/vsarathy/proj/tools_sandbox/ros_packages/ros_macgyver/devel/include/mongodb_store/GetParamResponse.h
Symlinking /home/vsarathy/proj/tools_sandbox/ros_packages/ros_macgyver/devel/include/mongodb_store/MongoFindRequest.h
Symlinking /home/vsarathy/proj/tools_sandbox/ros_packages/ros_macgyver/devel/include/mongodb_store/MongoInsertRequest.h
Symlinking /home/vsarathy/proj/tools_sandbox/ros_packages/ros_macgyver/devel/include/mongodb_store/MongoInsert.h
Symlinking /home/vsarathy/proj/tools_sandbox/ros_packages/ros_macgyver/devel/include/mongodb_store/GetParamRequest.h
Symlinking /home/vsarathy/proj/tools_sandbox/ros_packages/ros_macgyver/devel/include/mongodb_store/SetParamRequest.h
Symlinking /home/vsarathy/proj/tools_sandbox/ros_packages/ros_macgyver/devel/include/mongodb_store/MongoUpdateResponse.h
Symlinking /home/vsarathy/proj/tools_sandbox/ros_packages/ros_macgyver/devel/include/mongodb_store/GetParam.h
Symlinking /home/vsarathy/proj/tools_sandbox/ros_packages/ros_macgyver/devel/include/mongodb_store/MongoUpdate.h
Symlinking /home/vsarathy/proj/tools_sandbox/ros_packages/ros_macgyver/devel/include/mongodb_store/SetParam.h
Symlinking /home/vsarathy/proj/tools_sandbox/ros_packages/ros_macgyver/devel/include/mongodb_store/MongoInsertResponse.h
Symlinking /home/vsarathy/proj/tools_sandbox/ros_packages/ros_macgyver/devel/include/mongodb_store/MongoUpdateRequest.h
Symlinking /home/vsarathy/proj/tools_sandbox/ros_packages/ros_macgyver/devel/include/mongodb_store/MongoFind.h
Symlinking /home/vsarathy/proj/tools_sandbox/ros_packages/ros_macgyver/devel/include/mongodb_store/SetParamResponse.h
Symlinking /home/vsarathy/proj/tools_sandbox/ros_packages/ros_macgyver/devel/share/mongodb_store/cmake/mongodb_storeConfig-version.cmake
Symlinking /home/vsarathy/proj/tools_sandbox/ros_packages/ros_macgyver/devel/share/mongodb_store/cmake/mongodb_store-msg-extras.cmake
Symlinking /home/vsarathy/proj/tools_sandbox/ros_packages/ros_macgyver/devel/share/mongodb_store/cmake/mongodb_store-msg-paths.cmake
Symlinking /home/vsarathy/proj/tools_sandbox/ros_packages/ros_macgyver/devel/share/mongodb_store/cmake/mongodb_storeConfig.cmake
Symlinking /home/vsarathy/proj/tools_sandbox/ros_packages/ros_macgyver/devel/share/common-lisp/ros/mongodb_store/srv/_package_SetParam.lisp
Symlinking /home/vsarathy/proj/tools_sandbox/ros_packages/ros_macgyver/devel/share/common-lisp/ros/mongodb_store/srv/_package.lisp
Symlinking /home/vsarathy/proj/tools_sandbox/ros_packages/ros_macgyver/devel/share/common-lisp/ros/mongodb_store/srv/MongoInsert.lisp
Symlinking /home/vsarathy/proj/tools_sandbox/ros_packages/ros_macgyver/devel/share/common-lisp/ros/mongodb_store/srv/_package_MongoInsert.lisp
Symlinking /home/vsarathy/proj/tools_sandbox/ros_packages/ros_macgyver/devel/share/common-lisp/ros/mongodb_store/srv/_package_GetParam.lisp
Symlinking /home/vsarathy/proj/tools_sandbox/ros_packages/ros_macgyver/devel/share/common-lisp/ros/mongodb_store/srv/SetParam.lisp
Symlinking /home/vsarathy/proj/tools_sandbox/ros_packages/ros_macgyver/devel/share/common-lisp/ros/mongodb_store/srv/mongodb_store-srv.asd
Symlinking /home/vsarathy/proj/tools_sandbox/ros_packages/ros_macgyver/devel/share/common-lisp/ros/mongodb_store/srv/MongoUpdate.lisp
Symlinking /home/vsarathy/proj/tools_sandbox/ros_packages/ros_macgyver/devel/share/common-lisp/ros/mongodb_store/srv/_package_MongoUpdate.lisp
Symlinking /home/vsarathy/proj/tools_sandbox/ros_packages/ros_macgyver/devel/share/common-lisp/ros/mongodb_store/srv/MongoFind.lisp
Symlinking /home/vsarathy/proj/tools_sandbox/ros_packages/ros_macgyver/devel/share/common-lisp/ros/mongodb_store/srv/GetParam.lisp
Symlinking /home/vsarathy/proj/tools_sandbox/ros_packages/ros_macgyver/devel/share/common-lisp/ros/mongodb_store/srv/_package_MongoFind.lisp
Symlinking /home/vsarathy/proj/tools_sandbox/ros_packages/ros_macgyver/devel/share/gennodejs/ros/mongodb_store/_index.js
Symlinking /home/vsarathy/proj/tools_sandbox/ros_packages/ros_macgyver/devel/share/gennodejs/ros/mongodb_store/srv/_index.js
Symlinking /home/vsarathy/proj/tools_sandbox/ros_packages/ros_macgyver/devel/share/gennodejs/ros/mongodb_store/srv/GetParam.js
Symlinking /home/vsarathy/proj/tools_sandbox/ros_packages/ros_macgyver/devel/share/gennodejs/ros/mongodb_store/srv/MongoUpdate.js
Symlinking /home/vsarathy/proj/tools_sandbox/ros_packages/ros_macgyver/devel/share/gennodejs/ros/mongodb_store/srv/MongoFind.js
Symlinking /home/vsarathy/proj/tools_sandbox/ros_packages/ros_macgyver/devel/share/gennodejs/ros/mongodb_store/srv/SetParam.js
Symlinking /home/vsarathy/proj/tools_sandbox/ros_packages/ros_macgyver/devel/share/gennodejs/ros/mongodb_store/srv/MongoInsert.js
Symlinking /home/vsarathy/proj/tools_sandbox/ros_packages/ros_macgyver/devel/share/roseus/ros/mongodb_store/manifest.l
Symlinking /home/vsarathy/proj/tools_sandbox/ros_packages/ros_macgyver/devel/share/roseus/ros/mongodb_store/srv/MongoFind.l
Symlinking /home/vsarathy/proj/tools_sandbox/ros_packages/ros_macgyver/devel/share/roseus/ros/mongodb_store/srv/MongoUpdate.l
Symlinking /home/vsarathy/proj/tools_sandbox/ros_packages/ros_macgyver/devel/share/roseus/ros/mongodb_store/srv/GetParam.l
Symlinking /home/vsarathy/proj/tools_sandbox/ros_packages/ros_macgyver/devel/share/roseus/ros/mongodb_store/srv/MongoInsert.l
Symlinking /home/vsarathy/proj/tools_sandbox/ros_packages/ros_macgyver/devel/share/roseus/ros/mongodb_store/srv/SetParam.l
Symlinking /home/vsarathy/proj/tools_sandbox/ros_packages/ros_macgyver/devel/lib/libmessage_store.so
Symlinking /home/vsarathy/proj/tools_sandbox/ros_packages/ros_macgyver/devel/lib/mongodb_store/message_store_cpp_test
Symlinking /home/vsarathy/proj/tools_sandbox/ros_packages/ros_macgyver/devel/lib/mongodb_store/example_mongodb_store_cpp_client
Symlinking /home/vsarathy/proj/tools_sandbox/ros_packages/ros_macgyver/devel/lib/mongodb_store/example_multi_event_log
Symlinking /home/vsarathy/proj/tools_sandbox/ros_packages/ros_macgyver/devel/lib/pkgconfig/mongodb_store.pc
Symlinking /home/vsarathy/proj/tools_sandbox/ros_packages/ros_macgyver/devel/lib/python2.7/dist-packages/mongodb_store/__init__.py
Symlinking /home/vsarathy/proj/tools_sandbox/ros_packages/ros_macgyver/devel/lib/python2.7/dist-packages/mongodb_store/srv/_SetParam.py
Symlinking /home/vsarathy/proj/tools_sandbox/ros_packages/ros_macgyver/devel/lib/python2.7/dist-packages/mongodb_store/srv/_MongoInsert.py
Symlinking /home/vsarathy/proj/tools_sandbox/ros_packages/ros_macgyver/devel/lib/python2.7/dist-packages/mongodb_store/srv/_MongoFind.py
Symlinking /home/vsarathy/proj/tools_sandbox/ros_packages/ros_macgyver/devel/lib/python2.7/dist-packages/mongodb_store/srv/__init__.py
Symlinking /home/vsarathy/proj/tools_sandbox/ros_packages/ros_macgyver/devel/lib/python2.7/dist-packages/mongodb_store/srv/_MongoUpdate.py
Symlinking /home/vsarathy/proj/tools_sandbox/ros_packages/ros_macgyver/devel/lib/python2.7/dist-packages/mongodb_store/srv/_GetParam.py
