Determining if the pthread_create exist failed with the following output:
Change Dir: /home/vsarathy/proj/tools_sandbox/ros_packages/ros_macgyver/build/occupancy_grid_utils/CMakeFiles/CMakeTmp

Run Build Command:"/usr/bin/make" "cmTC_4b334/fast"
/usr/bin/make -f CMakeFiles/cmTC_4b334.dir/build.make CMakeFiles/cmTC_4b334.dir/build
make[1]: Entering directory '/home/vsarathy/proj/tools_sandbox/ros_packages/ros_macgyver/build/occupancy_grid_utils/CMakeFiles/CMakeTmp'
Building C object CMakeFiles/cmTC_4b334.dir/CheckSymbolExists.c.o
/usr/bin/cc     -o CMakeFiles/cmTC_4b334.dir/CheckSymbolExists.c.o   -c /home/vsarathy/proj/tools_sandbox/ros_packages/ros_macgyver/build/occupancy_grid_utils/CMakeFiles/CMakeTmp/CheckSymbolExists.c
Linking C executable cmTC_4b334
/usr/bin/cmake -E cmake_link_script CMakeFiles/cmTC_4b334.dir/link.txt --verbose=1
/usr/bin/cc       CMakeFiles/cmTC_4b334.dir/CheckSymbolExists.c.o  -o cmTC_4b334 -rdynamic 
CMakeFiles/cmTC_4b334.dir/CheckSymbolExists.c.o: In function `main':
CheckSymbolExists.c:(.text+0x16): undefined reference to `pthread_create'
collect2: error: ld returned 1 exit status
CMakeFiles/cmTC_4b334.dir/build.make:97: recipe for target 'cmTC_4b334' failed
make[1]: *** [cmTC_4b334] Error 1
make[1]: Leaving directory '/home/vsarathy/proj/tools_sandbox/ros_packages/ros_macgyver/build/occupancy_grid_utils/CMakeFiles/CMakeTmp'
Makefile:126: recipe for target 'cmTC_4b334/fast' failed
make: *** [cmTC_4b334/fast] Error 2

File /home/vsarathy/proj/tools_sandbox/ros_packages/ros_macgyver/build/occupancy_grid_utils/CMakeFiles/CMakeTmp/CheckSymbolExists.c:
/* */
#include <pthread.h>

int main(int argc, char** argv)
{
  (void)argv;
#ifndef pthread_create
  return ((int*)(&pthread_create))[argc];
#else
  (void)argc;
  return 0;
#endif
}

Determining if the function pthread_create exists in the pthreads failed with the following output:
Change Dir: /home/vsarathy/proj/tools_sandbox/ros_packages/ros_macgyver/build/occupancy_grid_utils/CMakeFiles/CMakeTmp

Run Build Command:"/usr/bin/make" "cmTC_420bd/fast"
/usr/bin/make -f CMakeFiles/cmTC_420bd.dir/build.make CMakeFiles/cmTC_420bd.dir/build
make[1]: Entering directory '/home/vsarathy/proj/tools_sandbox/ros_packages/ros_macgyver/build/occupancy_grid_utils/CMakeFiles/CMakeTmp'
Building C object CMakeFiles/cmTC_420bd.dir/CheckFunctionExists.c.o
/usr/bin/cc    -DCHECK_FUNCTION_EXISTS=pthread_create   -o CMakeFiles/cmTC_420bd.dir/CheckFunctionExists.c.o   -c /usr/share/cmake-3.5/Modules/CheckFunctionExists.c
Linking C executable cmTC_420bd
/usr/bin/cmake -E cmake_link_script CMakeFiles/cmTC_420bd.dir/link.txt --verbose=1
/usr/bin/cc   -DCHECK_FUNCTION_EXISTS=pthread_create    CMakeFiles/cmTC_420bd.dir/CheckFunctionExists.c.o  -o cmTC_420bd -rdynamic -lpthreads 
/usr/bin/ld: cannot find -lpthreads
collect2: error: ld returned 1 exit status
CMakeFiles/cmTC_420bd.dir/build.make:97: recipe for target 'cmTC_420bd' failed
make[1]: *** [cmTC_420bd] Error 1
make[1]: Leaving directory '/home/vsarathy/proj/tools_sandbox/ros_packages/ros_macgyver/build/occupancy_grid_utils/CMakeFiles/CMakeTmp'
Makefile:126: recipe for target 'cmTC_420bd/fast' failed
make: *** [cmTC_420bd/fast] Error 2


