Determining if the pthread_create exist failed with the following output:
Change Dir: /home/vsarathy/proj/tools_sandbox/ros_packages/ros_macgyver/build/rosplan_knowledge_base/CMakeFiles/CMakeTmp

Run Build Command:"/usr/bin/make" "cmTC_c5568/fast"
/usr/bin/make -f CMakeFiles/cmTC_c5568.dir/build.make CMakeFiles/cmTC_c5568.dir/build
make[1]: Entering directory '/home/vsarathy/proj/tools_sandbox/ros_packages/ros_macgyver/build/rosplan_knowledge_base/CMakeFiles/CMakeTmp'
Building C object CMakeFiles/cmTC_c5568.dir/CheckSymbolExists.c.o
/usr/bin/cc     -o CMakeFiles/cmTC_c5568.dir/CheckSymbolExists.c.o   -c /home/vsarathy/proj/tools_sandbox/ros_packages/ros_macgyver/build/rosplan_knowledge_base/CMakeFiles/CMakeTmp/CheckSymbolExists.c
Linking C executable cmTC_c5568
/usr/bin/cmake -E cmake_link_script CMakeFiles/cmTC_c5568.dir/link.txt --verbose=1
/usr/bin/cc       CMakeFiles/cmTC_c5568.dir/CheckSymbolExists.c.o  -o cmTC_c5568 -rdynamic 
CMakeFiles/cmTC_c5568.dir/CheckSymbolExists.c.o: In function `main':
CheckSymbolExists.c:(.text+0x16): undefined reference to `pthread_create'
collect2: error: ld returned 1 exit status
CMakeFiles/cmTC_c5568.dir/build.make:97: recipe for target 'cmTC_c5568' failed
make[1]: *** [cmTC_c5568] Error 1
make[1]: Leaving directory '/home/vsarathy/proj/tools_sandbox/ros_packages/ros_macgyver/build/rosplan_knowledge_base/CMakeFiles/CMakeTmp'
Makefile:126: recipe for target 'cmTC_c5568/fast' failed
make: *** [cmTC_c5568/fast] Error 2

File /home/vsarathy/proj/tools_sandbox/ros_packages/ros_macgyver/build/rosplan_knowledge_base/CMakeFiles/CMakeTmp/CheckSymbolExists.c:
/* */
#include <pthread.h>

int main(int argc, char** argv)
{
  (void)argv;
#ifndef pthread_create
  return ((int*)(&pthread_create))[argc];
#else
  (void)argc;
  return 0;
#endif
}

Determining if the function pthread_create exists in the pthreads failed with the following output:
Change Dir: /home/vsarathy/proj/tools_sandbox/ros_packages/ros_macgyver/build/rosplan_knowledge_base/CMakeFiles/CMakeTmp

Run Build Command:"/usr/bin/make" "cmTC_8356b/fast"
/usr/bin/make -f CMakeFiles/cmTC_8356b.dir/build.make CMakeFiles/cmTC_8356b.dir/build
make[1]: Entering directory '/home/vsarathy/proj/tools_sandbox/ros_packages/ros_macgyver/build/rosplan_knowledge_base/CMakeFiles/CMakeTmp'
Building C object CMakeFiles/cmTC_8356b.dir/CheckFunctionExists.c.o
/usr/bin/cc    -DCHECK_FUNCTION_EXISTS=pthread_create   -o CMakeFiles/cmTC_8356b.dir/CheckFunctionExists.c.o   -c /usr/share/cmake-3.5/Modules/CheckFunctionExists.c
Linking C executable cmTC_8356b
/usr/bin/cmake -E cmake_link_script CMakeFiles/cmTC_8356b.dir/link.txt --verbose=1
/usr/bin/cc   -DCHECK_FUNCTION_EXISTS=pthread_create    CMakeFiles/cmTC_8356b.dir/CheckFunctionExists.c.o  -o cmTC_8356b -rdynamic -lpthreads 
/usr/bin/ld: cannot find -lpthreads
collect2: error: ld returned 1 exit status
CMakeFiles/cmTC_8356b.dir/build.make:97: recipe for target 'cmTC_8356b' failed
make[1]: *** [cmTC_8356b] Error 1
make[1]: Leaving directory '/home/vsarathy/proj/tools_sandbox/ros_packages/ros_macgyver/build/rosplan_knowledge_base/CMakeFiles/CMakeTmp'
Makefile:126: recipe for target 'cmTC_8356b/fast' failed
make: *** [cmTC_8356b/fast] Error 2


