Determining if the pthread_create exist failed with the following output:
Change Dir: /home/vsarathy/proj/tools_sandbox/ros_packages/ros_macgyver/build/rosplan_demos/CMakeFiles/CMakeTmp

Run Build Command:"/usr/bin/make" "cmTC_cefa5/fast"
/usr/bin/make -f CMakeFiles/cmTC_cefa5.dir/build.make CMakeFiles/cmTC_cefa5.dir/build
make[1]: Entering directory '/home/vsarathy/proj/tools_sandbox/ros_packages/ros_macgyver/build/rosplan_demos/CMakeFiles/CMakeTmp'
Building C object CMakeFiles/cmTC_cefa5.dir/CheckSymbolExists.c.o
/usr/bin/cc     -o CMakeFiles/cmTC_cefa5.dir/CheckSymbolExists.c.o   -c /home/vsarathy/proj/tools_sandbox/ros_packages/ros_macgyver/build/rosplan_demos/CMakeFiles/CMakeTmp/CheckSymbolExists.c
Linking C executable cmTC_cefa5
/usr/bin/cmake -E cmake_link_script CMakeFiles/cmTC_cefa5.dir/link.txt --verbose=1
/usr/bin/cc       CMakeFiles/cmTC_cefa5.dir/CheckSymbolExists.c.o  -o cmTC_cefa5 -rdynamic 
CMakeFiles/cmTC_cefa5.dir/CheckSymbolExists.c.o: In function `main':
CheckSymbolExists.c:(.text+0x16): undefined reference to `pthread_create'
collect2: error: ld returned 1 exit status
CMakeFiles/cmTC_cefa5.dir/build.make:97: recipe for target 'cmTC_cefa5' failed
make[1]: *** [cmTC_cefa5] Error 1
make[1]: Leaving directory '/home/vsarathy/proj/tools_sandbox/ros_packages/ros_macgyver/build/rosplan_demos/CMakeFiles/CMakeTmp'
Makefile:126: recipe for target 'cmTC_cefa5/fast' failed
make: *** [cmTC_cefa5/fast] Error 2

File /home/vsarathy/proj/tools_sandbox/ros_packages/ros_macgyver/build/rosplan_demos/CMakeFiles/CMakeTmp/CheckSymbolExists.c:
/* */
#include <pthread.h>

int main(int argc, char** argv)
{
  (void)argv;
#ifndef pthread_create
  return ((int*)(&pthread_create))[argc];
#else
  (void)argc;
  return 0;
#endif
}

Determining if the function pthread_create exists in the pthreads failed with the following output:
Change Dir: /home/vsarathy/proj/tools_sandbox/ros_packages/ros_macgyver/build/rosplan_demos/CMakeFiles/CMakeTmp

Run Build Command:"/usr/bin/make" "cmTC_3978b/fast"
/usr/bin/make -f CMakeFiles/cmTC_3978b.dir/build.make CMakeFiles/cmTC_3978b.dir/build
make[1]: Entering directory '/home/vsarathy/proj/tools_sandbox/ros_packages/ros_macgyver/build/rosplan_demos/CMakeFiles/CMakeTmp'
Building C object CMakeFiles/cmTC_3978b.dir/CheckFunctionExists.c.o
/usr/bin/cc    -DCHECK_FUNCTION_EXISTS=pthread_create   -o CMakeFiles/cmTC_3978b.dir/CheckFunctionExists.c.o   -c /usr/share/cmake-3.5/Modules/CheckFunctionExists.c
Linking C executable cmTC_3978b
/usr/bin/cmake -E cmake_link_script CMakeFiles/cmTC_3978b.dir/link.txt --verbose=1
/usr/bin/cc   -DCHECK_FUNCTION_EXISTS=pthread_create    CMakeFiles/cmTC_3978b.dir/CheckFunctionExists.c.o  -o cmTC_3978b -rdynamic -lpthreads 
/usr/bin/ld: cannot find -lpthreads
collect2: error: ld returned 1 exit status
CMakeFiles/cmTC_3978b.dir/build.make:97: recipe for target 'cmTC_3978b' failed
make[1]: *** [cmTC_3978b] Error 1
make[1]: Leaving directory '/home/vsarathy/proj/tools_sandbox/ros_packages/ros_macgyver/build/rosplan_demos/CMakeFiles/CMakeTmp'
Makefile:126: recipe for target 'cmTC_3978b/fast' failed
make: *** [cmTC_3978b/fast] Error 2


