Symlinking /home/vsarathy/proj/tools_sandbox/ros_packages/ros_macgyver/devel/include/mongodb_store_msgs/MoveEntriesResult.h
Symlinking /home/vsarathy/proj/tools_sandbox/ros_packages/ros_macgyver/devel/include/mongodb_store_msgs/MoveEntriesFeedback.h
Symlinking /home/vsarathy/proj/tools_sandbox/ros_packages/ros_macgyver/devel/include/mongodb_store_msgs/MoveEntriesActionGoal.h
Symlinking /home/vsarathy/proj/tools_sandbox/ros_packages/ros_macgyver/devel/include/mongodb_store_msgs/MongoInsertMsgRequest.h
Symlinking /home/vsarathy/proj/tools_sandbox/ros_packages/ros_macgyver/devel/include/mongodb_store_msgs/MoveEntriesActionFeedback.h
Symlinking /home/vsarathy/proj/tools_sandbox/ros_packages/ros_macgyver/devel/include/mongodb_store_msgs/MongoQueryMsg.h
Symlinking /home/vsarathy/proj/tools_sandbox/ros_packages/ros_macgyver/devel/include/mongodb_store_msgs/StringPair.h
Symlinking /home/vsarathy/proj/tools_sandbox/ros_packages/ros_macgyver/devel/include/mongodb_store_msgs/MongoQueryMsgRequest.h
Symlinking /home/vsarathy/proj/tools_sandbox/ros_packages/ros_macgyver/devel/include/mongodb_store_msgs/MoveEntriesAction.h
Symlinking /home/vsarathy/proj/tools_sandbox/ros_packages/ros_macgyver/devel/include/mongodb_store_msgs/MongoDeleteMsgRequest.h
Symlinking /home/vsarathy/proj/tools_sandbox/ros_packages/ros_macgyver/devel/include/mongodb_store_msgs/MongoQuerywithProjectionMsg.h
Symlinking /home/vsarathy/proj/tools_sandbox/ros_packages/ros_macgyver/devel/include/mongodb_store_msgs/MongoUpdateMsgRequest.h
Symlinking /home/vsarathy/proj/tools_sandbox/ros_packages/ros_macgyver/devel/include/mongodb_store_msgs/MongoInsertMsgResponse.h
Symlinking /home/vsarathy/proj/tools_sandbox/ros_packages/ros_macgyver/devel/include/mongodb_store_msgs/MongoDeleteMsg.h
Symlinking /home/vsarathy/proj/tools_sandbox/ros_packages/ros_macgyver/devel/include/mongodb_store_msgs/MongoUpdateMsgResponse.h
Symlinking /home/vsarathy/proj/tools_sandbox/ros_packages/ros_macgyver/devel/include/mongodb_store_msgs/SerialisedMessage.h
Symlinking /home/vsarathy/proj/tools_sandbox/ros_packages/ros_macgyver/devel/include/mongodb_store_msgs/MoveEntriesActionResult.h
Symlinking /home/vsarathy/proj/tools_sandbox/ros_packages/ros_macgyver/devel/include/mongodb_store_msgs/MongoUpdateMsg.h
Symlinking /home/vsarathy/proj/tools_sandbox/ros_packages/ros_macgyver/devel/include/mongodb_store_msgs/MongoQuerywithProjectionMsgRequest.h
Symlinking /home/vsarathy/proj/tools_sandbox/ros_packages/ros_macgyver/devel/include/mongodb_store_msgs/StringPairList.h
Symlinking /home/vsarathy/proj/tools_sandbox/ros_packages/ros_macgyver/devel/include/mongodb_store_msgs/MongoQueryMsgResponse.h
Symlinking /home/vsarathy/proj/tools_sandbox/ros_packages/ros_macgyver/devel/include/mongodb_store_msgs/Insert.h
Symlinking /home/vsarathy/proj/tools_sandbox/ros_packages/ros_macgyver/devel/include/mongodb_store_msgs/MoveEntriesGoal.h
Symlinking /home/vsarathy/proj/tools_sandbox/ros_packages/ros_macgyver/devel/include/mongodb_store_msgs/StringList.h
Symlinking /home/vsarathy/proj/tools_sandbox/ros_packages/ros_macgyver/devel/include/mongodb_store_msgs/MongoDeleteMsgResponse.h
Symlinking /home/vsarathy/proj/tools_sandbox/ros_packages/ros_macgyver/devel/include/mongodb_store_msgs/MongoInsertMsg.h
Symlinking /home/vsarathy/proj/tools_sandbox/ros_packages/ros_macgyver/devel/include/mongodb_store_msgs/MongoQuerywithProjectionMsgResponse.h
Symlinking /home/vsarathy/proj/tools_sandbox/ros_packages/ros_macgyver/devel/share/common-lisp/ros/mongodb_store_msgs/msg/MoveEntriesResult.lisp
Symlinking /home/vsarathy/proj/tools_sandbox/ros_packages/ros_macgyver/devel/share/common-lisp/ros/mongodb_store_msgs/msg/SerialisedMessage.lisp
Symlinking /home/vsarathy/proj/tools_sandbox/ros_packages/ros_macgyver/devel/share/common-lisp/ros/mongodb_store_msgs/msg/MoveEntriesActionFeedback.lisp
Symlinking /home/vsarathy/proj/tools_sandbox/ros_packages/ros_macgyver/devel/share/common-lisp/ros/mongodb_store_msgs/msg/_package_Insert.lisp
Symlinking /home/vsarathy/proj/tools_sandbox/ros_packages/ros_macgyver/devel/share/common-lisp/ros/mongodb_store_msgs/msg/_package_MoveEntriesResult.lisp
Symlinking /home/vsarathy/proj/tools_sandbox/ros_packages/ros_macgyver/devel/share/common-lisp/ros/mongodb_store_msgs/msg/StringPairList.lisp
Symlinking /home/vsarathy/proj/tools_sandbox/ros_packages/ros_macgyver/devel/share/common-lisp/ros/mongodb_store_msgs/msg/_package.lisp
Symlinking /home/vsarathy/proj/tools_sandbox/ros_packages/ros_macgyver/devel/share/common-lisp/ros/mongodb_store_msgs/msg/_package_StringList.lisp
Symlinking /home/vsarathy/proj/tools_sandbox/ros_packages/ros_macgyver/devel/share/common-lisp/ros/mongodb_store_msgs/msg/_package_MoveEntriesActionResult.lisp
Symlinking /home/vsarathy/proj/tools_sandbox/ros_packages/ros_macgyver/devel/share/common-lisp/ros/mongodb_store_msgs/msg/Insert.lisp
Symlinking /home/vsarathy/proj/tools_sandbox/ros_packages/ros_macgyver/devel/share/common-lisp/ros/mongodb_store_msgs/msg/MoveEntriesGoal.lisp
Symlinking /home/vsarathy/proj/tools_sandbox/ros_packages/ros_macgyver/devel/share/common-lisp/ros/mongodb_store_msgs/msg/_package_MoveEntriesFeedback.lisp
Symlinking /home/vsarathy/proj/tools_sandbox/ros_packages/ros_macgyver/devel/share/common-lisp/ros/mongodb_store_msgs/msg/_package_StringPairList.lisp
Symlinking /home/vsarathy/proj/tools_sandbox/ros_packages/ros_macgyver/devel/share/common-lisp/ros/mongodb_store_msgs/msg/_package_MoveEntriesGoal.lisp
Symlinking /home/vsarathy/proj/tools_sandbox/ros_packages/ros_macgyver/devel/share/common-lisp/ros/mongodb_store_msgs/msg/_package_SerialisedMessage.lisp
Symlinking /home/vsarathy/proj/tools_sandbox/ros_packages/ros_macgyver/devel/share/common-lisp/ros/mongodb_store_msgs/msg/MoveEntriesAction.lisp
Symlinking /home/vsarathy/proj/tools_sandbox/ros_packages/ros_macgyver/devel/share/common-lisp/ros/mongodb_store_msgs/msg/_package_MoveEntriesActionGoal.lisp
Symlinking /home/vsarathy/proj/tools_sandbox/ros_packages/ros_macgyver/devel/share/common-lisp/ros/mongodb_store_msgs/msg/StringList.lisp
Symlinking /home/vsarathy/proj/tools_sandbox/ros_packages/ros_macgyver/devel/share/common-lisp/ros/mongodb_store_msgs/msg/mongodb_store_msgs-msg.asd
Symlinking /home/vsarathy/proj/tools_sandbox/ros_packages/ros_macgyver/devel/share/common-lisp/ros/mongodb_store_msgs/msg/_package_StringPair.lisp
Symlinking /home/vsarathy/proj/tools_sandbox/ros_packages/ros_macgyver/devel/share/common-lisp/ros/mongodb_store_msgs/msg/_package_MoveEntriesAction.lisp
Symlinking /home/vsarathy/proj/tools_sandbox/ros_packages/ros_macgyver/devel/share/common-lisp/ros/mongodb_store_msgs/msg/StringPair.lisp
Symlinking /home/vsarathy/proj/tools_sandbox/ros_packages/ros_macgyver/devel/share/common-lisp/ros/mongodb_store_msgs/msg/MoveEntriesFeedback.lisp
Symlinking /home/vsarathy/proj/tools_sandbox/ros_packages/ros_macgyver/devel/share/common-lisp/ros/mongodb_store_msgs/msg/_package_MoveEntriesActionFeedback.lisp
Symlinking /home/vsarathy/proj/tools_sandbox/ros_packages/ros_macgyver/devel/share/common-lisp/ros/mongodb_store_msgs/msg/MoveEntriesActionResult.lisp
Symlinking /home/vsarathy/proj/tools_sandbox/ros_packages/ros_macgyver/devel/share/common-lisp/ros/mongodb_store_msgs/msg/MoveEntriesActionGoal.lisp
Symlinking /home/vsarathy/proj/tools_sandbox/ros_packages/ros_macgyver/devel/share/common-lisp/ros/mongodb_store_msgs/srv/_package_MongoUpdateMsg.lisp
Symlinking /home/vsarathy/proj/tools_sandbox/ros_packages/ros_macgyver/devel/share/common-lisp/ros/mongodb_store_msgs/srv/MongoQueryMsg.lisp
Symlinking /home/vsarathy/proj/tools_sandbox/ros_packages/ros_macgyver/devel/share/common-lisp/ros/mongodb_store_msgs/srv/_package_MongoQueryMsg.lisp
Symlinking /home/vsarathy/proj/tools_sandbox/ros_packages/ros_macgyver/devel/share/common-lisp/ros/mongodb_store_msgs/srv/_package_MongoQuerywithProjectionMsg.lisp
Symlinking /home/vsarathy/proj/tools_sandbox/ros_packages/ros_macgyver/devel/share/common-lisp/ros/mongodb_store_msgs/srv/MongoDeleteMsg.lisp
Symlinking /home/vsarathy/proj/tools_sandbox/ros_packages/ros_macgyver/devel/share/common-lisp/ros/mongodb_store_msgs/srv/_package.lisp
Symlinking /home/vsarathy/proj/tools_sandbox/ros_packages/ros_macgyver/devel/share/common-lisp/ros/mongodb_store_msgs/srv/MongoQuerywithProjectionMsg.lisp
Symlinking /home/vsarathy/proj/tools_sandbox/ros_packages/ros_macgyver/devel/share/common-lisp/ros/mongodb_store_msgs/srv/_package_MongoDeleteMsg.lisp
Symlinking /home/vsarathy/proj/tools_sandbox/ros_packages/ros_macgyver/devel/share/common-lisp/ros/mongodb_store_msgs/srv/_package_MongoInsertMsg.lisp
Symlinking /home/vsarathy/proj/tools_sandbox/ros_packages/ros_macgyver/devel/share/common-lisp/ros/mongodb_store_msgs/srv/MongoUpdateMsg.lisp
Symlinking /home/vsarathy/proj/tools_sandbox/ros_packages/ros_macgyver/devel/share/common-lisp/ros/mongodb_store_msgs/srv/MongoInsertMsg.lisp
Symlinking /home/vsarathy/proj/tools_sandbox/ros_packages/ros_macgyver/devel/share/common-lisp/ros/mongodb_store_msgs/srv/mongodb_store_msgs-srv.asd
Symlinking /home/vsarathy/proj/tools_sandbox/ros_packages/ros_macgyver/devel/share/gennodejs/ros/mongodb_store_msgs/_index.js
Symlinking /home/vsarathy/proj/tools_sandbox/ros_packages/ros_macgyver/devel/share/gennodejs/ros/mongodb_store_msgs/msg/_index.js
Symlinking /home/vsarathy/proj/tools_sandbox/ros_packages/ros_macgyver/devel/share/gennodejs/ros/mongodb_store_msgs/msg/MoveEntriesFeedback.js
Symlinking /home/vsarathy/proj/tools_sandbox/ros_packages/ros_macgyver/devel/share/gennodejs/ros/mongodb_store_msgs/msg/MoveEntriesActionFeedback.js
Symlinking /home/vsarathy/proj/tools_sandbox/ros_packages/ros_macgyver/devel/share/gennodejs/ros/mongodb_store_msgs/msg/MoveEntriesActionGoal.js
Symlinking /home/vsarathy/proj/tools_sandbox/ros_packages/ros_macgyver/devel/share/gennodejs/ros/mongodb_store_msgs/msg/SerialisedMessage.js
Symlinking /home/vsarathy/proj/tools_sandbox/ros_packages/ros_macgyver/devel/share/gennodejs/ros/mongodb_store_msgs/msg/MoveEntriesAction.js
Symlinking /home/vsarathy/proj/tools_sandbox/ros_packages/ros_macgyver/devel/share/gennodejs/ros/mongodb_store_msgs/msg/Insert.js
Symlinking /home/vsarathy/proj/tools_sandbox/ros_packages/ros_macgyver/devel/share/gennodejs/ros/mongodb_store_msgs/msg/StringPairList.js
Symlinking /home/vsarathy/proj/tools_sandbox/ros_packages/ros_macgyver/devel/share/gennodejs/ros/mongodb_store_msgs/msg/StringList.js
Symlinking /home/vsarathy/proj/tools_sandbox/ros_packages/ros_macgyver/devel/share/gennodejs/ros/mongodb_store_msgs/msg/StringPair.js
Symlinking /home/vsarathy/proj/tools_sandbox/ros_packages/ros_macgyver/devel/share/gennodejs/ros/mongodb_store_msgs/msg/MoveEntriesActionResult.js
Symlinking /home/vsarathy/proj/tools_sandbox/ros_packages/ros_macgyver/devel/share/gennodejs/ros/mongodb_store_msgs/msg/MoveEntriesGoal.js
Symlinking /home/vsarathy/proj/tools_sandbox/ros_packages/ros_macgyver/devel/share/gennodejs/ros/mongodb_store_msgs/msg/MoveEntriesResult.js
Symlinking /home/vsarathy/proj/tools_sandbox/ros_packages/ros_macgyver/devel/share/gennodejs/ros/mongodb_store_msgs/srv/_index.js
Symlinking /home/vsarathy/proj/tools_sandbox/ros_packages/ros_macgyver/devel/share/gennodejs/ros/mongodb_store_msgs/srv/MongoInsertMsg.js
Symlinking /home/vsarathy/proj/tools_sandbox/ros_packages/ros_macgyver/devel/share/gennodejs/ros/mongodb_store_msgs/srv/MongoUpdateMsg.js
Symlinking /home/vsarathy/proj/tools_sandbox/ros_packages/ros_macgyver/devel/share/gennodejs/ros/mongodb_store_msgs/srv/MongoDeleteMsg.js
Symlinking /home/vsarathy/proj/tools_sandbox/ros_packages/ros_macgyver/devel/share/gennodejs/ros/mongodb_store_msgs/srv/MongoQueryMsg.js
Symlinking /home/vsarathy/proj/tools_sandbox/ros_packages/ros_macgyver/devel/share/gennodejs/ros/mongodb_store_msgs/srv/MongoQuerywithProjectionMsg.js
Symlinking /home/vsarathy/proj/tools_sandbox/ros_packages/ros_macgyver/devel/share/mongodb_store_msgs/msg/MoveEntriesFeedback.msg
Symlinking /home/vsarathy/proj/tools_sandbox/ros_packages/ros_macgyver/devel/share/mongodb_store_msgs/msg/MoveEntriesAction.msg
Symlinking /home/vsarathy/proj/tools_sandbox/ros_packages/ros_macgyver/devel/share/mongodb_store_msgs/msg/MoveEntriesActionFeedback.msg
Symlinking /home/vsarathy/proj/tools_sandbox/ros_packages/ros_macgyver/devel/share/mongodb_store_msgs/msg/MoveEntriesActionResult.msg
Symlinking /home/vsarathy/proj/tools_sandbox/ros_packages/ros_macgyver/devel/share/mongodb_store_msgs/msg/MoveEntriesActionGoal.msg
Symlinking /home/vsarathy/proj/tools_sandbox/ros_packages/ros_macgyver/devel/share/mongodb_store_msgs/msg/MoveEntriesResult.msg
Symlinking /home/vsarathy/proj/tools_sandbox/ros_packages/ros_macgyver/devel/share/mongodb_store_msgs/msg/MoveEntriesGoal.msg
Symlinking /home/vsarathy/proj/tools_sandbox/ros_packages/ros_macgyver/devel/share/mongodb_store_msgs/cmake/mongodb_store_msgsConfig-version.cmake
Symlinking /home/vsarathy/proj/tools_sandbox/ros_packages/ros_macgyver/devel/share/mongodb_store_msgs/cmake/mongodb_store_msgsConfig.cmake
Symlinking /home/vsarathy/proj/tools_sandbox/ros_packages/ros_macgyver/devel/share/mongodb_store_msgs/cmake/mongodb_store_msgs-msg-paths.cmake
Symlinking /home/vsarathy/proj/tools_sandbox/ros_packages/ros_macgyver/devel/share/mongodb_store_msgs/cmake/mongodb_store_msgs-msg-extras.cmake
Symlinking /home/vsarathy/proj/tools_sandbox/ros_packages/ros_macgyver/devel/share/roseus/ros/mongodb_store_msgs/manifest.l
Symlinking /home/vsarathy/proj/tools_sandbox/ros_packages/ros_macgyver/devel/share/roseus/ros/mongodb_store_msgs/msg/Insert.l
Symlinking /home/vsarathy/proj/tools_sandbox/ros_packages/ros_macgyver/devel/share/roseus/ros/mongodb_store_msgs/msg/MoveEntriesAction.l
Symlinking /home/vsarathy/proj/tools_sandbox/ros_packages/ros_macgyver/devel/share/roseus/ros/mongodb_store_msgs/msg/StringPair.l
Symlinking /home/vsarathy/proj/tools_sandbox/ros_packages/ros_macgyver/devel/share/roseus/ros/mongodb_store_msgs/msg/MoveEntriesActionResult.l
Symlinking /home/vsarathy/proj/tools_sandbox/ros_packages/ros_macgyver/devel/share/roseus/ros/mongodb_store_msgs/msg/StringList.l
Symlinking /home/vsarathy/proj/tools_sandbox/ros_packages/ros_macgyver/devel/share/roseus/ros/mongodb_store_msgs/msg/SerialisedMessage.l
Symlinking /home/vsarathy/proj/tools_sandbox/ros_packages/ros_macgyver/devel/share/roseus/ros/mongodb_store_msgs/msg/MoveEntriesGoal.l
Symlinking /home/vsarathy/proj/tools_sandbox/ros_packages/ros_macgyver/devel/share/roseus/ros/mongodb_store_msgs/msg/MoveEntriesFeedback.l
Symlinking /home/vsarathy/proj/tools_sandbox/ros_packages/ros_macgyver/devel/share/roseus/ros/mongodb_store_msgs/msg/StringPairList.l
Symlinking /home/vsarathy/proj/tools_sandbox/ros_packages/ros_macgyver/devel/share/roseus/ros/mongodb_store_msgs/msg/MoveEntriesActionFeedback.l
Symlinking /home/vsarathy/proj/tools_sandbox/ros_packages/ros_macgyver/devel/share/roseus/ros/mongodb_store_msgs/msg/MoveEntriesResult.l
Symlinking /home/vsarathy/proj/tools_sandbox/ros_packages/ros_macgyver/devel/share/roseus/ros/mongodb_store_msgs/msg/MoveEntriesActionGoal.l
Symlinking /home/vsarathy/proj/tools_sandbox/ros_packages/ros_macgyver/devel/share/roseus/ros/mongodb_store_msgs/srv/MongoUpdateMsg.l
Symlinking /home/vsarathy/proj/tools_sandbox/ros_packages/ros_macgyver/devel/share/roseus/ros/mongodb_store_msgs/srv/MongoQuerywithProjectionMsg.l
Symlinking /home/vsarathy/proj/tools_sandbox/ros_packages/ros_macgyver/devel/share/roseus/ros/mongodb_store_msgs/srv/MongoInsertMsg.l
Symlinking /home/vsarathy/proj/tools_sandbox/ros_packages/ros_macgyver/devel/share/roseus/ros/mongodb_store_msgs/srv/MongoDeleteMsg.l
Symlinking /home/vsarathy/proj/tools_sandbox/ros_packages/ros_macgyver/devel/share/roseus/ros/mongodb_store_msgs/srv/MongoQueryMsg.l
Symlinking /home/vsarathy/proj/tools_sandbox/ros_packages/ros_macgyver/devel/lib/pkgconfig/mongodb_store_msgs.pc
Symlinking /home/vsarathy/proj/tools_sandbox/ros_packages/ros_macgyver/devel/lib/python2.7/dist-packages/mongodb_store_msgs/__init__.py
Symlinking /home/vsarathy/proj/tools_sandbox/ros_packages/ros_macgyver/devel/lib/python2.7/dist-packages/mongodb_store_msgs/msg/_StringPairList.py
Symlinking /home/vsarathy/proj/tools_sandbox/ros_packages/ros_macgyver/devel/lib/python2.7/dist-packages/mongodb_store_msgs/msg/_MoveEntriesResult.py
Symlinking /home/vsarathy/proj/tools_sandbox/ros_packages/ros_macgyver/devel/lib/python2.7/dist-packages/mongodb_store_msgs/msg/_MoveEntriesActionResult.py
Symlinking /home/vsarathy/proj/tools_sandbox/ros_packages/ros_macgyver/devel/lib/python2.7/dist-packages/mongodb_store_msgs/msg/_StringPair.py
Symlinking /home/vsarathy/proj/tools_sandbox/ros_packages/ros_macgyver/devel/lib/python2.7/dist-packages/mongodb_store_msgs/msg/_MoveEntriesActionFeedback.py
Symlinking /home/vsarathy/proj/tools_sandbox/ros_packages/ros_macgyver/devel/lib/python2.7/dist-packages/mongodb_store_msgs/msg/_MoveEntriesGoal.py
Symlinking /home/vsarathy/proj/tools_sandbox/ros_packages/ros_macgyver/devel/lib/python2.7/dist-packages/mongodb_store_msgs/msg/_Insert.py
Symlinking /home/vsarathy/proj/tools_sandbox/ros_packages/ros_macgyver/devel/lib/python2.7/dist-packages/mongodb_store_msgs/msg/_MoveEntriesAction.py
Symlinking /home/vsarathy/proj/tools_sandbox/ros_packages/ros_macgyver/devel/lib/python2.7/dist-packages/mongodb_store_msgs/msg/_StringList.py
Symlinking /home/vsarathy/proj/tools_sandbox/ros_packages/ros_macgyver/devel/lib/python2.7/dist-packages/mongodb_store_msgs/msg/__init__.py
Symlinking /home/vsarathy/proj/tools_sandbox/ros_packages/ros_macgyver/devel/lib/python2.7/dist-packages/mongodb_store_msgs/msg/_SerialisedMessage.py
Symlinking /home/vsarathy/proj/tools_sandbox/ros_packages/ros_macgyver/devel/lib/python2.7/dist-packages/mongodb_store_msgs/msg/_MoveEntriesActionGoal.py
Symlinking /home/vsarathy/proj/tools_sandbox/ros_packages/ros_macgyver/devel/lib/python2.7/dist-packages/mongodb_store_msgs/msg/_MoveEntriesFeedback.py
Symlinking /home/vsarathy/proj/tools_sandbox/ros_packages/ros_macgyver/devel/lib/python2.7/dist-packages/mongodb_store_msgs/srv/_MongoDeleteMsg.py
Symlinking /home/vsarathy/proj/tools_sandbox/ros_packages/ros_macgyver/devel/lib/python2.7/dist-packages/mongodb_store_msgs/srv/_MongoQueryMsg.py
Symlinking /home/vsarathy/proj/tools_sandbox/ros_packages/ros_macgyver/devel/lib/python2.7/dist-packages/mongodb_store_msgs/srv/_MongoUpdateMsg.py
Symlinking /home/vsarathy/proj/tools_sandbox/ros_packages/ros_macgyver/devel/lib/python2.7/dist-packages/mongodb_store_msgs/srv/__init__.py
Symlinking /home/vsarathy/proj/tools_sandbox/ros_packages/ros_macgyver/devel/lib/python2.7/dist-packages/mongodb_store_msgs/srv/_MongoInsertMsg.py
Symlinking /home/vsarathy/proj/tools_sandbox/ros_packages/ros_macgyver/devel/lib/python2.7/dist-packages/mongodb_store_msgs/srv/_MongoQuerywithProjectionMsg.py
