[35m[1mScanning dependencies of target _mongodb_store_msgs_generate_messages_check_deps_MoveEntriesAction[0m
[  0%] Built target _mongodb_store_msgs_generate_messages_check_deps_MoveEntriesAction
[35m[1mScanning dependencies of target _mongodb_store_msgs_generate_messages_check_deps_MoveEntriesActionFeedback[0m
[  0%] Built target _mongodb_store_msgs_generate_messages_check_deps_MoveEntriesActionFeedback
[35m[1mScanning dependencies of target _mongodb_store_msgs_generate_messages_check_deps_MongoQuerywithProjectionMsg[0m
[  0%] Built target _mongodb_store_msgs_generate_messages_check_deps_MongoQuerywithProjectionMsg
[35m[1mScanning dependencies of target _mongodb_store_msgs_generate_messages_check_deps_MoveEntriesResult[0m
[  0%] Built target _mongodb_store_msgs_generate_messages_check_deps_MoveEntriesResult
[35m[1mScanning dependencies of target _mongodb_store_msgs_generate_messages_check_deps_MongoQueryMsg[0m
[  0%] Built target _mongodb_store_msgs_generate_messages_check_deps_MongoQueryMsg
[35m[1mScanning dependencies of target actionlib_msgs_generate_messages_lisp[0m
[  0%] Built target actionlib_msgs_generate_messages_lisp
[35m[1mScanning dependencies of target _mongodb_store_msgs_generate_messages_check_deps_MoveEntriesActionGoal[0m
[  0%] Built target _mongodb_store_msgs_generate_messages_check_deps_MoveEntriesActionGoal
[35m[1mScanning dependencies of target _mongodb_store_msgs_generate_messages_check_deps_SerialisedMessage[0m
[  0%] Built target _mongodb_store_msgs_generate_messages_check_deps_SerialisedMessage
[35m[1mScanning dependencies of target _mongodb_store_msgs_generate_messages_check_deps_MongoDeleteMsg[0m
[  0%] Built target _mongodb_store_msgs_generate_messages_check_deps_MongoDeleteMsg
[35m[1mScanning dependencies of target _mongodb_store_msgs_generate_messages_check_deps_Insert[0m
[  0%] Built target _mongodb_store_msgs_generate_messages_check_deps_Insert
[35m[1mScanning dependencies of target _mongodb_store_msgs_generate_messages_check_deps_StringList[0m
[  0%] Built target _mongodb_store_msgs_generate_messages_check_deps_StringList
[35m[1mScanning dependencies of target _mongodb_store_msgs_generate_messages_check_deps_MoveEntriesActionResult[0m
[  0%] Built target _mongodb_store_msgs_generate_messages_check_deps_MoveEntriesActionResult
[35m[1mScanning dependencies of target _mongodb_store_msgs_generate_messages_check_deps_MoveEntriesGoal[0m
[  0%] Built target _mongodb_store_msgs_generate_messages_check_deps_MoveEntriesGoal
[35m[1mScanning dependencies of target _mongodb_store_msgs_generate_messages_check_deps_MongoInsertMsg[0m
[  0%] Built target _mongodb_store_msgs_generate_messages_check_deps_MongoInsertMsg
[35m[1mScanning dependencies of target _mongodb_store_msgs_generate_messages_check_deps_StringPairList[0m
[  0%] Built target _mongodb_store_msgs_generate_messages_check_deps_StringPairList
[35m[1mScanning dependencies of target _mongodb_store_msgs_generate_messages_check_deps_StringPair[0m
[  0%] Built target _mongodb_store_msgs_generate_messages_check_deps_StringPair
[35m[1mScanning dependencies of target _mongodb_store_msgs_generate_messages_check_deps_MongoUpdateMsg[0m
[  0%] Built target _mongodb_store_msgs_generate_messages_check_deps_MongoUpdateMsg
[35m[1mScanning dependencies of target _mongodb_store_msgs_generate_messages_check_deps_MoveEntriesFeedback[0m
[  0%] Built target _mongodb_store_msgs_generate_messages_check_deps_MoveEntriesFeedback
[35m[1mScanning dependencies of target actionlib_msgs_generate_messages_py[0m
[  0%] Built target actionlib_msgs_generate_messages_py
[35m[1mScanning dependencies of target actionlib_msgs_generate_messages_nodejs[0m
[  0%] Built target actionlib_msgs_generate_messages_nodejs
[35m[1mScanning dependencies of target actionlib_msgs_generate_messages_eus[0m
[  0%] Built target actionlib_msgs_generate_messages_eus
[35m[1mScanning dependencies of target actionlib_msgs_generate_messages_cpp[0m
[  0%] Built target actionlib_msgs_generate_messages_cpp
[35m[1mScanning dependencies of target mongodb_store_msgs_generate_messages_lisp[0m
[  1%] [34m[1mGenerating Lisp code from mongodb_store_msgs/Insert.msg[0m
[  2%] [34m[1mGenerating Lisp code from mongodb_store_msgs/MoveEntriesResult.msg[0m
[  3%] [34m[1mGenerating Lisp code from mongodb_store_msgs/StringList.msg[0m
[  4%] [34m[1mGenerating Lisp code from mongodb_store_msgs/MoveEntriesActionResult.msg[0m
[  5%] [34m[1mGenerating Lisp code from mongodb_store_msgs/StringPair.msg[0m
[  6%] [34m[1mGenerating Lisp code from mongodb_store_msgs/StringPairList.msg[0m
[  7%] [34m[1mGenerating Lisp code from mongodb_store_msgs/MoveEntriesGoal.msg[0m
[  9%] [34m[1mGenerating Lisp code from mongodb_store_msgs/SerialisedMessage.msg[0m
[ 10%] [34m[1mGenerating Lisp code from mongodb_store_msgs/MoveEntriesFeedback.msg[0m
[ 11%] [34m[1mGenerating Lisp code from mongodb_store_msgs/MoveEntriesAction.msg[0m
[ 12%] [34m[1mGenerating Lisp code from mongodb_store_msgs/MoveEntriesActionFeedback.msg[0m
[ 13%] [34m[1mGenerating Lisp code from mongodb_store_msgs/MoveEntriesActionGoal.msg[0m
[ 14%] [34m[1mGenerating Lisp code from mongodb_store_msgs/MongoQueryMsg.srv[0m
[ 15%] [34m[1mGenerating Lisp code from mongodb_store_msgs/MongoQuerywithProjectionMsg.srv[0m
[ 17%] [34m[1mGenerating Lisp code from mongodb_store_msgs/MongoUpdateMsg.srv[0m
[ 18%] [34m[1mGenerating Lisp code from mongodb_store_msgs/MongoDeleteMsg.srv[0m
[ 19%] [34m[1mGenerating Lisp code from mongodb_store_msgs/MongoInsertMsg.srv[0m
[ 19%] Built target mongodb_store_msgs_generate_messages_lisp
[35m[1mScanning dependencies of target mongodb_store_msgs_generate_messages_py[0m
[ 20%] [34m[1mGenerating Python from MSG mongodb_store_msgs/Insert[0m
[ 21%] [34m[1mGenerating Python from MSG mongodb_store_msgs/MoveEntriesResult[0m
[ 22%] [34m[1mGenerating Python from MSG mongodb_store_msgs/StringList[0m
[ 23%] [34m[1mGenerating Python from MSG mongodb_store_msgs/MoveEntriesActionResult[0m
[ 25%] [34m[1mGenerating Python from MSG mongodb_store_msgs/StringPair[0m
[ 26%] [34m[1mGenerating Python from MSG mongodb_store_msgs/StringPairList[0m
[ 27%] [34m[1mGenerating Python from MSG mongodb_store_msgs/MoveEntriesGoal[0m
[ 28%] [34m[1mGenerating Python from MSG mongodb_store_msgs/SerialisedMessage[0m
[ 29%] [34m[1mGenerating Python from MSG mongodb_store_msgs/MoveEntriesFeedback[0m
[ 30%] [34m[1mGenerating Python from MSG mongodb_store_msgs/MoveEntriesAction[0m
[ 31%] [34m[1mGenerating Python from MSG mongodb_store_msgs/MoveEntriesActionFeedback[0m
[ 32%] [34m[1mGenerating Python from MSG mongodb_store_msgs/MoveEntriesActionGoal[0m
[ 34%] [34m[1mGenerating Python code from SRV mongodb_store_msgs/MongoQueryMsg[0m
[ 35%] [34m[1mGenerating Python code from SRV mongodb_store_msgs/MongoQuerywithProjectionMsg[0m
[ 36%] [34m[1mGenerating Python code from SRV mongodb_store_msgs/MongoUpdateMsg[0m
[ 37%] [34m[1mGenerating Python code from SRV mongodb_store_msgs/MongoDeleteMsg[0m
[ 38%] [34m[1mGenerating Python code from SRV mongodb_store_msgs/MongoInsertMsg[0m
[ 39%] [34m[1mGenerating Python msg __init__.py for mongodb_store_msgs[0m
[ 40%] [34m[1mGenerating Python srv __init__.py for mongodb_store_msgs[0m
[ 40%] Built target mongodb_store_msgs_generate_messages_py
[35m[1mScanning dependencies of target mongodb_store_msgs_generate_messages_nodejs[0m
[ 42%] [34m[1mGenerating Javascript code from mongodb_store_msgs/Insert.msg[0m
[ 43%] [34m[1mGenerating Javascript code from mongodb_store_msgs/MoveEntriesResult.msg[0m
[ 44%] [34m[1mGenerating Javascript code from mongodb_store_msgs/StringList.msg[0m
[ 45%] [34m[1mGenerating Javascript code from mongodb_store_msgs/MoveEntriesActionResult.msg[0m
[ 46%] [34m[1mGenerating Javascript code from mongodb_store_msgs/StringPair.msg[0m
[ 47%] [34m[1mGenerating Javascript code from mongodb_store_msgs/StringPairList.msg[0m
[ 48%] [34m[1mGenerating Javascript code from mongodb_store_msgs/MoveEntriesGoal.msg[0m
[ 50%] [34m[1mGenerating Javascript code from mongodb_store_msgs/SerialisedMessage.msg[0m
[ 51%] [34m[1mGenerating Javascript code from mongodb_store_msgs/MoveEntriesFeedback.msg[0m
[ 52%] [34m[1mGenerating Javascript code from mongodb_store_msgs/MoveEntriesAction.msg[0m
[ 53%] [34m[1mGenerating Javascript code from mongodb_store_msgs/MoveEntriesActionFeedback.msg[0m
[ 54%] [34m[1mGenerating Javascript code from mongodb_store_msgs/MoveEntriesActionGoal.msg[0m
[ 55%] [34m[1mGenerating Javascript code from mongodb_store_msgs/MongoQueryMsg.srv[0m
[ 56%] [34m[1mGenerating Javascript code from mongodb_store_msgs/MongoQuerywithProjectionMsg.srv[0m
[ 57%] [34m[1mGenerating Javascript code from mongodb_store_msgs/MongoUpdateMsg.srv[0m
[ 59%] [34m[1mGenerating Javascript code from mongodb_store_msgs/MongoDeleteMsg.srv[0m
[ 60%] [34m[1mGenerating Javascript code from mongodb_store_msgs/MongoInsertMsg.srv[0m
[ 60%] Built target mongodb_store_msgs_generate_messages_nodejs
[35m[1mScanning dependencies of target mongodb_store_msgs_generate_messages_eus[0m
[ 61%] [34m[1mGenerating EusLisp code from mongodb_store_msgs/Insert.msg[0m
[ 62%] [34m[1mGenerating EusLisp code from mongodb_store_msgs/MoveEntriesResult.msg[0m
[ 63%] [34m[1mGenerating EusLisp code from mongodb_store_msgs/StringList.msg[0m
[ 64%] [34m[1mGenerating EusLisp code from mongodb_store_msgs/MoveEntriesActionResult.msg[0m
[ 65%] [34m[1mGenerating EusLisp code from mongodb_store_msgs/StringPair.msg[0m
[ 67%] [34m[1mGenerating EusLisp code from mongodb_store_msgs/StringPairList.msg[0m
[ 68%] [34m[1mGenerating EusLisp code from mongodb_store_msgs/MoveEntriesGoal.msg[0m
[ 69%] [34m[1mGenerating EusLisp code from mongodb_store_msgs/SerialisedMessage.msg[0m
[ 70%] [34m[1mGenerating EusLisp code from mongodb_store_msgs/MoveEntriesFeedback.msg[0m
[ 71%] [34m[1mGenerating EusLisp code from mongodb_store_msgs/MoveEntriesAction.msg[0m
[ 72%] [34m[1mGenerating EusLisp code from mongodb_store_msgs/MoveEntriesActionFeedback.msg[0m
[ 73%] [34m[1mGenerating EusLisp code from mongodb_store_msgs/MoveEntriesActionGoal.msg[0m
[ 75%] [34m[1mGenerating EusLisp code from mongodb_store_msgs/MongoQueryMsg.srv[0m
[ 76%] [34m[1mGenerating EusLisp code from mongodb_store_msgs/MongoQuerywithProjectionMsg.srv[0m
[ 77%] [34m[1mGenerating EusLisp code from mongodb_store_msgs/MongoUpdateMsg.srv[0m
[ 78%] [34m[1mGenerating EusLisp code from mongodb_store_msgs/MongoDeleteMsg.srv[0m
[ 79%] [34m[1mGenerating EusLisp code from mongodb_store_msgs/MongoInsertMsg.srv[0m
[ 80%] [34m[1mGenerating EusLisp manifest code for mongodb_store_msgs[0m
[ 80%] Built target mongodb_store_msgs_generate_messages_eus
[35m[1mScanning dependencies of target mongodb_store_msgs_generate_messages_cpp[0m
[ 81%] [34m[1mGenerating C++ code from mongodb_store_msgs/Insert.msg[0m
[ 82%] [34m[1mGenerating C++ code from mongodb_store_msgs/MoveEntriesResult.msg[0m
[ 84%] [34m[1mGenerating C++ code from mongodb_store_msgs/StringList.msg[0m
[ 85%] [34m[1mGenerating C++ code from mongodb_store_msgs/MoveEntriesActionResult.msg[0m
[ 86%] [34m[1mGenerating C++ code from mongodb_store_msgs/StringPair.msg[0m
[ 87%] [34m[1mGenerating C++ code from mongodb_store_msgs/StringPairList.msg[0m
[ 88%] [34m[1mGenerating C++ code from mongodb_store_msgs/MoveEntriesGoal.msg[0m
[ 89%] [34m[1mGenerating C++ code from mongodb_store_msgs/SerialisedMessage.msg[0m
[ 90%] [34m[1mGenerating C++ code from mongodb_store_msgs/MoveEntriesFeedback.msg[0m
[ 92%] [34m[1mGenerating C++ code from mongodb_store_msgs/MoveEntriesAction.msg[0m
[ 93%] [34m[1mGenerating C++ code from mongodb_store_msgs/MoveEntriesActionFeedback.msg[0m
[ 94%] [34m[1mGenerating C++ code from mongodb_store_msgs/MoveEntriesActionGoal.msg[0m
[ 95%] [34m[1mGenerating C++ code from mongodb_store_msgs/MongoQueryMsg.srv[0m
[ 96%] [34m[1mGenerating C++ code from mongodb_store_msgs/MongoQuerywithProjectionMsg.srv[0m
[ 97%] [34m[1mGenerating C++ code from mongodb_store_msgs/MongoUpdateMsg.srv[0m
[ 98%] [34m[1mGenerating C++ code from mongodb_store_msgs/MongoDeleteMsg.srv[0m
[100%] [34m[1mGenerating C++ code from mongodb_store_msgs/MongoInsertMsg.srv[0m
[100%] Built target mongodb_store_msgs_generate_messages_cpp
[35m[1mScanning dependencies of target mongodb_store_msgs_generate_messages[0m
[100%] Built target mongodb_store_msgs_generate_messages
