Determining if the pthread_create exist failed with the following output:
Change Dir: /home/vsarathy/proj/tools_sandbox/ros_packages/ros_macgyver/build/mongodb_store_msgs/CMakeFiles/CMakeTmp

Run Build Command:"/usr/bin/make" "cmTC_cf050/fast"
/usr/bin/make -f CMakeFiles/cmTC_cf050.dir/build.make CMakeFiles/cmTC_cf050.dir/build
make[1]: Entering directory '/home/vsarathy/proj/tools_sandbox/ros_packages/ros_macgyver/build/mongodb_store_msgs/CMakeFiles/CMakeTmp'
Building C object CMakeFiles/cmTC_cf050.dir/CheckSymbolExists.c.o
/usr/bin/cc     -o CMakeFiles/cmTC_cf050.dir/CheckSymbolExists.c.o   -c /home/vsarathy/proj/tools_sandbox/ros_packages/ros_macgyver/build/mongodb_store_msgs/CMakeFiles/CMakeTmp/CheckSymbolExists.c
Linking C executable cmTC_cf050
/usr/bin/cmake -E cmake_link_script CMakeFiles/cmTC_cf050.dir/link.txt --verbose=1
/usr/bin/cc       CMakeFiles/cmTC_cf050.dir/CheckSymbolExists.c.o  -o cmTC_cf050 -rdynamic 
CMakeFiles/cmTC_cf050.dir/CheckSymbolExists.c.o: In function `main':
CheckSymbolExists.c:(.text+0x16): undefined reference to `pthread_create'
collect2: error: ld returned 1 exit status
CMakeFiles/cmTC_cf050.dir/build.make:97: recipe for target 'cmTC_cf050' failed
make[1]: *** [cmTC_cf050] Error 1
make[1]: Leaving directory '/home/vsarathy/proj/tools_sandbox/ros_packages/ros_macgyver/build/mongodb_store_msgs/CMakeFiles/CMakeTmp'
Makefile:126: recipe for target 'cmTC_cf050/fast' failed
make: *** [cmTC_cf050/fast] Error 2

File /home/vsarathy/proj/tools_sandbox/ros_packages/ros_macgyver/build/mongodb_store_msgs/CMakeFiles/CMakeTmp/CheckSymbolExists.c:
/* */
#include <pthread.h>

int main(int argc, char** argv)
{
  (void)argv;
#ifndef pthread_create
  return ((int*)(&pthread_create))[argc];
#else
  (void)argc;
  return 0;
#endif
}

Determining if the function pthread_create exists in the pthreads failed with the following output:
Change Dir: /home/vsarathy/proj/tools_sandbox/ros_packages/ros_macgyver/build/mongodb_store_msgs/CMakeFiles/CMakeTmp

Run Build Command:"/usr/bin/make" "cmTC_902ae/fast"
/usr/bin/make -f CMakeFiles/cmTC_902ae.dir/build.make CMakeFiles/cmTC_902ae.dir/build
make[1]: Entering directory '/home/vsarathy/proj/tools_sandbox/ros_packages/ros_macgyver/build/mongodb_store_msgs/CMakeFiles/CMakeTmp'
Building C object CMakeFiles/cmTC_902ae.dir/CheckFunctionExists.c.o
/usr/bin/cc    -DCHECK_FUNCTION_EXISTS=pthread_create   -o CMakeFiles/cmTC_902ae.dir/CheckFunctionExists.c.o   -c /usr/share/cmake-3.5/Modules/CheckFunctionExists.c
Linking C executable cmTC_902ae
/usr/bin/cmake -E cmake_link_script CMakeFiles/cmTC_902ae.dir/link.txt --verbose=1
/usr/bin/cc   -DCHECK_FUNCTION_EXISTS=pthread_create    CMakeFiles/cmTC_902ae.dir/CheckFunctionExists.c.o  -o cmTC_902ae -rdynamic -lpthreads 
/usr/bin/ld: cannot find -lpthreads
collect2: error: ld returned 1 exit status
CMakeFiles/cmTC_902ae.dir/build.make:97: recipe for target 'cmTC_902ae' failed
make[1]: *** [cmTC_902ae] Error 1
make[1]: Leaving directory '/home/vsarathy/proj/tools_sandbox/ros_packages/ros_macgyver/build/mongodb_store_msgs/CMakeFiles/CMakeTmp'
Makefile:126: recipe for target 'cmTC_902ae/fast' failed
make: *** [cmTC_902ae/fast] Error 2


