Symlinking /home/vsarathy/proj/tools_sandbox/ros_packages/ros_macgyver/devel/include/occupancy_grid_utils/OverlayClouds.h
Symlinking /home/vsarathy/proj/tools_sandbox/ros_packages/ros_macgyver/devel/include/occupancy_grid_utils/NavigationFunction.h
Symlinking /home/vsarathy/proj/tools_sandbox/ros_packages/ros_macgyver/devel/include/occupancy_grid_utils/LocalizedCloud.h
Symlinking /home/vsarathy/proj/tools_sandbox/ros_packages/ros_macgyver/devel/share/occupancy_grid_utils/cmake/occupancy_grid_utilsConfig.cmake
Symlinking /home/vsarathy/proj/tools_sandbox/ros_packages/ros_macgyver/devel/share/occupancy_grid_utils/cmake/occupancy_grid_utils-msg-paths.cmake
Symlinking /home/vsarathy/proj/tools_sandbox/ros_packages/ros_macgyver/devel/share/occupancy_grid_utils/cmake/occupancy_grid_utilsConfig-version.cmake
Symlinking /home/vsarathy/proj/tools_sandbox/ros_packages/ros_macgyver/devel/share/occupancy_grid_utils/cmake/occupancy_grid_utils-msg-extras.cmake
Symlinking /home/vsarathy/proj/tools_sandbox/ros_packages/ros_macgyver/devel/share/common-lisp/ros/occupancy_grid_utils/msg/_package.lisp
Symlinking /home/vsarathy/proj/tools_sandbox/ros_packages/ros_macgyver/devel/share/common-lisp/ros/occupancy_grid_utils/msg/_package_OverlayClouds.lisp
Symlinking /home/vsarathy/proj/tools_sandbox/ros_packages/ros_macgyver/devel/share/common-lisp/ros/occupancy_grid_utils/msg/OverlayClouds.lisp
Symlinking /home/vsarathy/proj/tools_sandbox/ros_packages/ros_macgyver/devel/share/common-lisp/ros/occupancy_grid_utils/msg/occupancy_grid_utils-msg.asd
Symlinking /home/vsarathy/proj/tools_sandbox/ros_packages/ros_macgyver/devel/share/common-lisp/ros/occupancy_grid_utils/msg/NavigationFunction.lisp
Symlinking /home/vsarathy/proj/tools_sandbox/ros_packages/ros_macgyver/devel/share/common-lisp/ros/occupancy_grid_utils/msg/_package_LocalizedCloud.lisp
Symlinking /home/vsarathy/proj/tools_sandbox/ros_packages/ros_macgyver/devel/share/common-lisp/ros/occupancy_grid_utils/msg/LocalizedCloud.lisp
Symlinking /home/vsarathy/proj/tools_sandbox/ros_packages/ros_macgyver/devel/share/common-lisp/ros/occupancy_grid_utils/msg/_package_NavigationFunction.lisp
Symlinking /home/vsarathy/proj/tools_sandbox/ros_packages/ros_macgyver/devel/share/gennodejs/ros/occupancy_grid_utils/_index.js
Symlinking /home/vsarathy/proj/tools_sandbox/ros_packages/ros_macgyver/devel/share/gennodejs/ros/occupancy_grid_utils/msg/_index.js
Symlinking /home/vsarathy/proj/tools_sandbox/ros_packages/ros_macgyver/devel/share/gennodejs/ros/occupancy_grid_utils/msg/LocalizedCloud.js
Symlinking /home/vsarathy/proj/tools_sandbox/ros_packages/ros_macgyver/devel/share/gennodejs/ros/occupancy_grid_utils/msg/OverlayClouds.js
Symlinking /home/vsarathy/proj/tools_sandbox/ros_packages/ros_macgyver/devel/share/gennodejs/ros/occupancy_grid_utils/msg/NavigationFunction.js
Symlinking /home/vsarathy/proj/tools_sandbox/ros_packages/ros_macgyver/devel/share/roseus/ros/occupancy_grid_utils/manifest.l
Symlinking /home/vsarathy/proj/tools_sandbox/ros_packages/ros_macgyver/devel/share/roseus/ros/occupancy_grid_utils/msg/LocalizedCloud.l
Symlinking /home/vsarathy/proj/tools_sandbox/ros_packages/ros_macgyver/devel/share/roseus/ros/occupancy_grid_utils/msg/OverlayClouds.l
Symlinking /home/vsarathy/proj/tools_sandbox/ros_packages/ros_macgyver/devel/share/roseus/ros/occupancy_grid_utils/msg/NavigationFunction.l
Symlinking /home/vsarathy/proj/tools_sandbox/ros_packages/ros_macgyver/devel/lib/libgrid_utils.so
Symlinking /home/vsarathy/proj/tools_sandbox/ros_packages/ros_macgyver/devel/lib/libgrid_utils_boost_python_exports.so
Symlinking /home/vsarathy/proj/tools_sandbox/ros_packages/ros_macgyver/devel/lib/pkgconfig/occupancy_grid_utils.pc
Symlinking /home/vsarathy/proj/tools_sandbox/ros_packages/ros_macgyver/devel/lib/python2.7/dist-packages/occupancy_grid_utils/__init__.py
Symlinking /home/vsarathy/proj/tools_sandbox/ros_packages/ros_macgyver/devel/lib/python2.7/dist-packages/occupancy_grid_utils/msg/_NavigationFunction.py
Symlinking /home/vsarathy/proj/tools_sandbox/ros_packages/ros_macgyver/devel/lib/python2.7/dist-packages/occupancy_grid_utils/msg/_OverlayClouds.py
Symlinking /home/vsarathy/proj/tools_sandbox/ros_packages/ros_macgyver/devel/lib/python2.7/dist-packages/occupancy_grid_utils/msg/__init__.py
Symlinking /home/vsarathy/proj/tools_sandbox/ros_packages/ros_macgyver/devel/lib/python2.7/dist-packages/occupancy_grid_utils/msg/_LocalizedCloud.py
Symlinking /home/vsarathy/proj/tools_sandbox/ros_packages/ros_macgyver/devel/lib/occupancy_grid_utils/grid_construction_node
