Symlinking /home/vsarathy/proj/tools_sandbox/ros_packages/ros_macgyver/devel/include/rosplan_interface_mapping/RemoveWaypoint.h
Symlinking /home/vsarathy/proj/tools_sandbox/ros_packages/ros_macgyver/devel/include/rosplan_interface_mapping/CreatePRM.h
Symlinking /home/vsarathy/proj/tools_sandbox/ros_packages/ros_macgyver/devel/include/rosplan_interface_mapping/AddWaypointRequest.h
Symlinking /home/vsarathy/proj/tools_sandbox/ros_packages/ros_macgyver/devel/include/rosplan_interface_mapping/RemoveWaypointRequest.h
Symlinking /home/vsarathy/proj/tools_sandbox/ros_packages/ros_macgyver/devel/include/rosplan_interface_mapping/CreatePRMResponse.h
Symlinking /home/vsarathy/proj/tools_sandbox/ros_packages/ros_macgyver/devel/include/rosplan_interface_mapping/AddWaypoint.h
Symlinking /home/vsarathy/proj/tools_sandbox/ros_packages/ros_macgyver/devel/include/rosplan_interface_mapping/AddWaypointResponse.h
Symlinking /home/vsarathy/proj/tools_sandbox/ros_packages/ros_macgyver/devel/include/rosplan_interface_mapping/CreatePRMRequest.h
Symlinking /home/vsarathy/proj/tools_sandbox/ros_packages/ros_macgyver/devel/include/rosplan_interface_mapping/RemoveWaypointResponse.h
Symlinking /home/vsarathy/proj/tools_sandbox/ros_packages/ros_macgyver/devel/share/common-lisp/ros/rosplan_interface_mapping/srv/_package_RemoveWaypoint.lisp
Symlinking /home/vsarathy/proj/tools_sandbox/ros_packages/ros_macgyver/devel/share/common-lisp/ros/rosplan_interface_mapping/srv/rosplan_interface_mapping-srv.asd
Symlinking /home/vsarathy/proj/tools_sandbox/ros_packages/ros_macgyver/devel/share/common-lisp/ros/rosplan_interface_mapping/srv/_package.lisp
Symlinking /home/vsarathy/proj/tools_sandbox/ros_packages/ros_macgyver/devel/share/common-lisp/ros/rosplan_interface_mapping/srv/CreatePRM.lisp
Symlinking /home/vsarathy/proj/tools_sandbox/ros_packages/ros_macgyver/devel/share/common-lisp/ros/rosplan_interface_mapping/srv/_package_CreatePRM.lisp
Symlinking /home/vsarathy/proj/tools_sandbox/ros_packages/ros_macgyver/devel/share/common-lisp/ros/rosplan_interface_mapping/srv/RemoveWaypoint.lisp
Symlinking /home/vsarathy/proj/tools_sandbox/ros_packages/ros_macgyver/devel/share/common-lisp/ros/rosplan_interface_mapping/srv/AddWaypoint.lisp
Symlinking /home/vsarathy/proj/tools_sandbox/ros_packages/ros_macgyver/devel/share/common-lisp/ros/rosplan_interface_mapping/srv/_package_AddWaypoint.lisp
Symlinking /home/vsarathy/proj/tools_sandbox/ros_packages/ros_macgyver/devel/share/gennodejs/ros/rosplan_interface_mapping/_index.js
Symlinking /home/vsarathy/proj/tools_sandbox/ros_packages/ros_macgyver/devel/share/gennodejs/ros/rosplan_interface_mapping/srv/_index.js
Symlinking /home/vsarathy/proj/tools_sandbox/ros_packages/ros_macgyver/devel/share/gennodejs/ros/rosplan_interface_mapping/srv/CreatePRM.js
Symlinking /home/vsarathy/proj/tools_sandbox/ros_packages/ros_macgyver/devel/share/gennodejs/ros/rosplan_interface_mapping/srv/RemoveWaypoint.js
Symlinking /home/vsarathy/proj/tools_sandbox/ros_packages/ros_macgyver/devel/share/gennodejs/ros/rosplan_interface_mapping/srv/AddWaypoint.js
Symlinking /home/vsarathy/proj/tools_sandbox/ros_packages/ros_macgyver/devel/share/rosplan_interface_mapping/cmake/rosplan_interface_mapping-msg-paths.cmake
Symlinking /home/vsarathy/proj/tools_sandbox/ros_packages/ros_macgyver/devel/share/rosplan_interface_mapping/cmake/rosplan_interface_mapping-msg-extras.cmake
Symlinking /home/vsarathy/proj/tools_sandbox/ros_packages/ros_macgyver/devel/share/rosplan_interface_mapping/cmake/rosplan_interface_mappingConfig-version.cmake
Symlinking /home/vsarathy/proj/tools_sandbox/ros_packages/ros_macgyver/devel/share/rosplan_interface_mapping/cmake/rosplan_interface_mappingConfig.cmake
Symlinking /home/vsarathy/proj/tools_sandbox/ros_packages/ros_macgyver/devel/share/roseus/ros/rosplan_interface_mapping/manifest.l
Symlinking /home/vsarathy/proj/tools_sandbox/ros_packages/ros_macgyver/devel/share/roseus/ros/rosplan_interface_mapping/srv/AddWaypoint.l
Symlinking /home/vsarathy/proj/tools_sandbox/ros_packages/ros_macgyver/devel/share/roseus/ros/rosplan_interface_mapping/srv/RemoveWaypoint.l
Symlinking /home/vsarathy/proj/tools_sandbox/ros_packages/ros_macgyver/devel/share/roseus/ros/rosplan_interface_mapping/srv/CreatePRM.l
Symlinking /home/vsarathy/proj/tools_sandbox/ros_packages/ros_macgyver/devel/lib/pkgconfig/rosplan_interface_mapping.pc
Symlinking /home/vsarathy/proj/tools_sandbox/ros_packages/ros_macgyver/devel/lib/python2.7/dist-packages/rosplan_interface_mapping/__init__.py
Symlinking /home/vsarathy/proj/tools_sandbox/ros_packages/ros_macgyver/devel/lib/python2.7/dist-packages/rosplan_interface_mapping/srv/_RemoveWaypoint.py
Symlinking /home/vsarathy/proj/tools_sandbox/ros_packages/ros_macgyver/devel/lib/python2.7/dist-packages/rosplan_interface_mapping/srv/_CreatePRM.py
Symlinking /home/vsarathy/proj/tools_sandbox/ros_packages/ros_macgyver/devel/lib/python2.7/dist-packages/rosplan_interface_mapping/srv/_AddWaypoint.py
Symlinking /home/vsarathy/proj/tools_sandbox/ros_packages/ros_macgyver/devel/lib/python2.7/dist-packages/rosplan_interface_mapping/srv/__init__.py
Symlinking /home/vsarathy/proj/tools_sandbox/ros_packages/ros_macgyver/devel/lib/rosplan_interface_mapping/rp_roadmap_server
