Symlinking /home/vsarathy/proj/tools_sandbox/ros_packages/ros_macgyver/devel/include/mongo/version.h
Symlinking /home/vsarathy/proj/tools_sandbox/ros_packages/ros_macgyver/devel/include/mongo/config.h
Symlinking /home/vsarathy/proj/tools_sandbox/ros_packages/ros_macgyver/devel/include/mongo/stdx/functional.h
Symlinking /home/vsarathy/proj/tools_sandbox/ros_packages/ros_macgyver/devel/include/mongo/platform/hash_namespace.h
Symlinking /home/vsarathy/proj/tools_sandbox/ros_packages/ros_macgyver/devel/include/mongo/platform/atomic_intrinsics_gcc_atomic.h
Symlinking /home/vsarathy/proj/tools_sandbox/ros_packages/ros_macgyver/devel/include/mongo/platform/cstdint.h
Symlinking /home/vsarathy/proj/tools_sandbox/ros_packages/ros_macgyver/devel/include/mongo/platform/compiler_gcc.h
Symlinking /home/vsarathy/proj/tools_sandbox/ros_packages/ros_macgyver/devel/include/mongo/platform/compiler_msvc.h
Symlinking /home/vsarathy/proj/tools_sandbox/ros_packages/ros_macgyver/devel/include/mongo/platform/endian.h
Symlinking /home/vsarathy/proj/tools_sandbox/ros_packages/ros_macgyver/devel/include/mongo/platform/atomic_intrinsics_win32.h
Symlinking /home/vsarathy/proj/tools_sandbox/ros_packages/ros_macgyver/devel/include/mongo/platform/float_utils.h
Symlinking /home/vsarathy/proj/tools_sandbox/ros_packages/ros_macgyver/devel/include/mongo/platform/compiler.h
Symlinking /home/vsarathy/proj/tools_sandbox/ros_packages/ros_macgyver/devel/include/mongo/platform/atomic_word_intrinsics.h
Symlinking /home/vsarathy/proj/tools_sandbox/ros_packages/ros_macgyver/devel/include/mongo/platform/atomic_intrinsics_gcc_sync.h
Symlinking /home/vsarathy/proj/tools_sandbox/ros_packages/ros_macgyver/devel/include/mongo/platform/unordered_map.h
Symlinking /home/vsarathy/proj/tools_sandbox/ros_packages/ros_macgyver/devel/include/mongo/platform/atomic_word.h
Symlinking /home/vsarathy/proj/tools_sandbox/ros_packages/ros_macgyver/devel/include/mongo/platform/atomic_intrinsics_gcc_intel.h
Symlinking /home/vsarathy/proj/tools_sandbox/ros_packages/ros_macgyver/devel/include/mongo/platform/windows_basic.h
Symlinking /home/vsarathy/proj/tools_sandbox/ros_packages/ros_macgyver/devel/include/mongo/platform/atomic_intrinsics.h
Symlinking /home/vsarathy/proj/tools_sandbox/ros_packages/ros_macgyver/devel/include/mongo/platform/strnlen.h
Symlinking /home/vsarathy/proj/tools_sandbox/ros_packages/ros_macgyver/devel/include/mongo/platform/atomic_word_cxx11.h
Symlinking /home/vsarathy/proj/tools_sandbox/ros_packages/ros_macgyver/devel/include/mongo/bson/bsonobj.h
Symlinking /home/vsarathy/proj/tools_sandbox/ros_packages/ros_macgyver/devel/include/mongo/bson/oid.h
Symlinking /home/vsarathy/proj/tools_sandbox/ros_packages/ros_macgyver/devel/include/mongo/bson/bsontypes.h
Symlinking /home/vsarathy/proj/tools_sandbox/ros_packages/ros_macgyver/devel/include/mongo/bson/inline_decls.h
Symlinking /home/vsarathy/proj/tools_sandbox/ros_packages/ros_macgyver/devel/include/mongo/bson/bson_db.h
Symlinking /home/vsarathy/proj/tools_sandbox/ros_packages/ros_macgyver/devel/include/mongo/bson/bson_validate.h
Symlinking /home/vsarathy/proj/tools_sandbox/ros_packages/ros_macgyver/devel/include/mongo/bson/bsonelement.h
Symlinking /home/vsarathy/proj/tools_sandbox/ros_packages/ros_macgyver/devel/include/mongo/bson/bsonmisc.h
Symlinking /home/vsarathy/proj/tools_sandbox/ros_packages/ros_macgyver/devel/include/mongo/bson/timestamp.h
Symlinking /home/vsarathy/proj/tools_sandbox/ros_packages/ros_macgyver/devel/include/mongo/bson/bson-inl.h
Symlinking /home/vsarathy/proj/tools_sandbox/ros_packages/ros_macgyver/devel/include/mongo/bson/bson_field.h
Symlinking /home/vsarathy/proj/tools_sandbox/ros_packages/ros_macgyver/devel/include/mongo/bson/bsonobjiterator.h
Symlinking /home/vsarathy/proj/tools_sandbox/ros_packages/ros_macgyver/devel/include/mongo/bson/ordering.h
Symlinking /home/vsarathy/proj/tools_sandbox/ros_packages/ros_macgyver/devel/include/mongo/bson/bsonobjbuilder.h
Symlinking /home/vsarathy/proj/tools_sandbox/ros_packages/ros_macgyver/devel/include/mongo/bson/bson.h
Symlinking /home/vsarathy/proj/tools_sandbox/ros_packages/ros_macgyver/devel/include/mongo/bson/util/builder.h
Symlinking /home/vsarathy/proj/tools_sandbox/ros_packages/ros_macgyver/devel/include/mongo/util/shared_buffer.h
Symlinking /home/vsarathy/proj/tools_sandbox/ros_packages/ros_macgyver/devel/include/mongo/util/assert_util.h
Symlinking /home/vsarathy/proj/tools_sandbox/ros_packages/ros_macgyver/devel/include/mongo/util/time_support.h
Symlinking /home/vsarathy/proj/tools_sandbox/ros_packages/ros_macgyver/devel/include/mongo/util/mongoutils/str.h
Symlinking /home/vsarathy/proj/tools_sandbox/ros_packages/ros_macgyver/devel/include/mongo/util/net/message_port.h
Symlinking /home/vsarathy/proj/tools_sandbox/ros_packages/ros_macgyver/devel/include/mongo/util/net/sock.h
Symlinking /home/vsarathy/proj/tools_sandbox/ros_packages/ros_macgyver/devel/include/mongo/util/net/operation.h
Symlinking /home/vsarathy/proj/tools_sandbox/ros_packages/ros_macgyver/devel/include/mongo/util/net/hostandport.h
Symlinking /home/vsarathy/proj/tools_sandbox/ros_packages/ros_macgyver/devel/include/mongo/util/net/message.h
Symlinking /home/vsarathy/proj/tools_sandbox/ros_packages/ros_macgyver/devel/include/mongo/logger/log_domain.h
Symlinking /home/vsarathy/proj/tools_sandbox/ros_packages/ros_macgyver/devel/include/mongo/logger/logger.h
Symlinking /home/vsarathy/proj/tools_sandbox/ros_packages/ros_macgyver/devel/include/mongo/logger/log_manager.h
Symlinking /home/vsarathy/proj/tools_sandbox/ros_packages/ros_macgyver/devel/include/mongo/logger/message_event.h
Symlinking /home/vsarathy/proj/tools_sandbox/ros_packages/ros_macgyver/devel/include/mongo/logger/appender.h
Symlinking /home/vsarathy/proj/tools_sandbox/ros_packages/ros_macgyver/devel/include/mongo/logger/log_component.h
Symlinking /home/vsarathy/proj/tools_sandbox/ros_packages/ros_macgyver/devel/include/mongo/logger/component_message_log_domain.h
Symlinking /home/vsarathy/proj/tools_sandbox/ros_packages/ros_macgyver/devel/include/mongo/logger/log_severity-inl.h
Symlinking /home/vsarathy/proj/tools_sandbox/ros_packages/ros_macgyver/devel/include/mongo/logger/log_component_settings.h
Symlinking /home/vsarathy/proj/tools_sandbox/ros_packages/ros_macgyver/devel/include/mongo/logger/labeled_level.h
Symlinking /home/vsarathy/proj/tools_sandbox/ros_packages/ros_macgyver/devel/include/mongo/logger/logstream_builder.h
Symlinking /home/vsarathy/proj/tools_sandbox/ros_packages/ros_macgyver/devel/include/mongo/logger/log_severity.h
Symlinking /home/vsarathy/proj/tools_sandbox/ros_packages/ros_macgyver/devel/include/mongo/logger/message_log_domain.h
Symlinking /home/vsarathy/proj/tools_sandbox/ros_packages/ros_macgyver/devel/include/mongo/client/export_macros.h
Symlinking /home/vsarathy/proj/tools_sandbox/ros_packages/ros_macgyver/devel/include/mongo/client/dbclientinterface.h
Symlinking /home/vsarathy/proj/tools_sandbox/ros_packages/ros_macgyver/devel/include/mongo/client/bulk_upsert_builder.h
Symlinking /home/vsarathy/proj/tools_sandbox/ros_packages/ros_macgyver/devel/include/mongo/client/dbclient_rs.h
Symlinking /home/vsarathy/proj/tools_sandbox/ros_packages/ros_macgyver/devel/include/mongo/client/undef_macros.h
Symlinking /home/vsarathy/proj/tools_sandbox/ros_packages/ros_macgyver/devel/include/mongo/client/write_options.h
Symlinking /home/vsarathy/proj/tools_sandbox/ros_packages/ros_macgyver/devel/include/mongo/client/write_concern.h
Symlinking /home/vsarathy/proj/tools_sandbox/ros_packages/ros_macgyver/devel/include/mongo/client/bulk_update_builder.h
Symlinking /home/vsarathy/proj/tools_sandbox/ros_packages/ros_macgyver/devel/include/mongo/client/dbclient.h
Symlinking /home/vsarathy/proj/tools_sandbox/ros_packages/ros_macgyver/devel/include/mongo/client/init.h
Symlinking /home/vsarathy/proj/tools_sandbox/ros_packages/ros_macgyver/devel/include/mongo/client/autolib.h
Symlinking /home/vsarathy/proj/tools_sandbox/ros_packages/ros_macgyver/devel/include/mongo/client/bulk_operation_builder.h
Symlinking /home/vsarathy/proj/tools_sandbox/ros_packages/ros_macgyver/devel/include/mongo/client/index_spec.h
Symlinking /home/vsarathy/proj/tools_sandbox/ros_packages/ros_macgyver/devel/include/mongo/client/exceptions.h
Symlinking /home/vsarathy/proj/tools_sandbox/ros_packages/ros_macgyver/devel/include/mongo/client/options.h
Symlinking /home/vsarathy/proj/tools_sandbox/ros_packages/ros_macgyver/devel/include/mongo/client/write_result.h
Symlinking /home/vsarathy/proj/tools_sandbox/ros_packages/ros_macgyver/devel/include/mongo/client/gridfs.h
Symlinking /home/vsarathy/proj/tools_sandbox/ros_packages/ros_macgyver/devel/include/mongo/client/redef_macros.h
Symlinking /home/vsarathy/proj/tools_sandbox/ros_packages/ros_macgyver/devel/include/mongo/client/dbclientcursor.h
Symlinking /home/vsarathy/proj/tools_sandbox/ros_packages/ros_macgyver/devel/include/mongo/client/sasl_client_authenticate.h
Symlinking /home/vsarathy/proj/tools_sandbox/ros_packages/ros_macgyver/devel/include/mongo/geo/queryutils.h
Symlinking /home/vsarathy/proj/tools_sandbox/ros_packages/ros_macgyver/devel/include/mongo/geo/boundingbox.h
Symlinking /home/vsarathy/proj/tools_sandbox/ros_packages/ros_macgyver/devel/include/mongo/geo/interface.h
Symlinking /home/vsarathy/proj/tools_sandbox/ros_packages/ros_macgyver/devel/include/mongo/geo/multipoint.h
Symlinking /home/vsarathy/proj/tools_sandbox/ros_packages/ros_macgyver/devel/include/mongo/geo/multilinestring.h
Symlinking /home/vsarathy/proj/tools_sandbox/ros_packages/ros_macgyver/devel/include/mongo/geo/coordinates.h
Symlinking /home/vsarathy/proj/tools_sandbox/ros_packages/ros_macgyver/devel/include/mongo/geo/coordinates2dgeographic.h
Symlinking /home/vsarathy/proj/tools_sandbox/ros_packages/ros_macgyver/devel/include/mongo/geo/linestring.h
Symlinking /home/vsarathy/proj/tools_sandbox/ros_packages/ros_macgyver/devel/include/mongo/geo/geometry.h
Symlinking /home/vsarathy/proj/tools_sandbox/ros_packages/ros_macgyver/devel/include/mongo/geo/namespaces.h
Symlinking /home/vsarathy/proj/tools_sandbox/ros_packages/ros_macgyver/devel/include/mongo/geo/point.h
Symlinking /home/vsarathy/proj/tools_sandbox/ros_packages/ros_macgyver/devel/include/mongo/geo/constants.h
Symlinking /home/vsarathy/proj/tools_sandbox/ros_packages/ros_macgyver/devel/include/mongo/geo/multipolygon.h
Symlinking /home/vsarathy/proj/tools_sandbox/ros_packages/ros_macgyver/devel/include/mongo/geo/geoobj.h
Symlinking /home/vsarathy/proj/tools_sandbox/ros_packages/ros_macgyver/devel/include/mongo/geo/geometrycollection.h
Symlinking /home/vsarathy/proj/tools_sandbox/ros_packages/ros_macgyver/devel/include/mongo/geo/coordinates2d.h
Symlinking /home/vsarathy/proj/tools_sandbox/ros_packages/ros_macgyver/devel/include/mongo/geo/parser.h
Symlinking /home/vsarathy/proj/tools_sandbox/ros_packages/ros_macgyver/devel/include/mongo/geo/parser-impl.h
Symlinking /home/vsarathy/proj/tools_sandbox/ros_packages/ros_macgyver/devel/include/mongo/geo/polygon.h
Symlinking /home/vsarathy/proj/tools_sandbox/ros_packages/ros_macgyver/devel/include/mongo/db/jsobj.h
Symlinking /home/vsarathy/proj/tools_sandbox/ros_packages/ros_macgyver/devel/include/mongo/db/json.h
Symlinking /home/vsarathy/proj/tools_sandbox/ros_packages/ros_macgyver/devel/include/mongo/base/data_view.h
Symlinking /home/vsarathy/proj/tools_sandbox/ros_packages/ros_macgyver/devel/include/mongo/base/error_codes.h
Symlinking /home/vsarathy/proj/tools_sandbox/ros_packages/ros_macgyver/devel/include/mongo/base/encoded_value_storage.h
Symlinking /home/vsarathy/proj/tools_sandbox/ros_packages/ros_macgyver/devel/include/mongo/base/parse_number.h
Symlinking /home/vsarathy/proj/tools_sandbox/ros_packages/ros_macgyver/devel/include/mongo/base/status-inl.h
Symlinking /home/vsarathy/proj/tools_sandbox/ros_packages/ros_macgyver/devel/include/mongo/base/disallow_copying.h
Symlinking /home/vsarathy/proj/tools_sandbox/ros_packages/ros_macgyver/devel/include/mongo/base/status.h
Symlinking /home/vsarathy/proj/tools_sandbox/ros_packages/ros_macgyver/devel/include/mongo/base/string_data.h
Symlinking /home/vsarathy/proj/tools_sandbox/ros_packages/ros_macgyver/devel/include/mongo/base/string_data-inl.h
Symlinking /home/vsarathy/proj/tools_sandbox/ros_packages/ros_macgyver/devel/include/mongo/base/status_with.h
Symlinking /home/vsarathy/proj/tools_sandbox/ros_packages/ros_macgyver/devel/include/mongo/base/data_cursor.h
Symlinking /home/vsarathy/proj/tools_sandbox/ros_packages/ros_macgyver/devel/share/libmongocxx_ros/cmake/libmongocxx_rosConfig-version.cmake
Symlinking /home/vsarathy/proj/tools_sandbox/ros_packages/ros_macgyver/devel/share/libmongocxx_ros/cmake/libmongocxx_rosConfig.cmake
Symlinking /home/vsarathy/proj/tools_sandbox/ros_packages/ros_macgyver/devel/lib/libmongoclient.so
Symlinking /home/vsarathy/proj/tools_sandbox/ros_packages/ros_macgyver/devel/lib/libmongoclient.a
Symlinking /home/vsarathy/proj/tools_sandbox/ros_packages/ros_macgyver/devel/lib/pkgconfig/libmongocxx_ros.pc
