Determining if the pthread_create exist failed with the following output:
Change Dir: /home/vsarathy/proj/tools_sandbox/ros_packages/ros_macgyver/build/rosplan_interface_movebase/CMakeFiles/CMakeTmp

Run Build Command:"/usr/bin/make" "cmTC_d4ead/fast"
/usr/bin/make -f CMakeFiles/cmTC_d4ead.dir/build.make CMakeFiles/cmTC_d4ead.dir/build
make[1]: Entering directory '/home/vsarathy/proj/tools_sandbox/ros_packages/ros_macgyver/build/rosplan_interface_movebase/CMakeFiles/CMakeTmp'
Building C object CMakeFiles/cmTC_d4ead.dir/CheckSymbolExists.c.o
/usr/bin/cc     -o CMakeFiles/cmTC_d4ead.dir/CheckSymbolExists.c.o   -c /home/vsarathy/proj/tools_sandbox/ros_packages/ros_macgyver/build/rosplan_interface_movebase/CMakeFiles/CMakeTmp/CheckSymbolExists.c
Linking C executable cmTC_d4ead
/usr/bin/cmake -E cmake_link_script CMakeFiles/cmTC_d4ead.dir/link.txt --verbose=1
/usr/bin/cc       CMakeFiles/cmTC_d4ead.dir/CheckSymbolExists.c.o  -o cmTC_d4ead -rdynamic 
CMakeFiles/cmTC_d4ead.dir/CheckSymbolExists.c.o: In function `main':
CheckSymbolExists.c:(.text+0x16): undefined reference to `pthread_create'
collect2: error: ld returned 1 exit status
CMakeFiles/cmTC_d4ead.dir/build.make:97: recipe for target 'cmTC_d4ead' failed
make[1]: *** [cmTC_d4ead] Error 1
make[1]: Leaving directory '/home/vsarathy/proj/tools_sandbox/ros_packages/ros_macgyver/build/rosplan_interface_movebase/CMakeFiles/CMakeTmp'
Makefile:126: recipe for target 'cmTC_d4ead/fast' failed
make: *** [cmTC_d4ead/fast] Error 2

File /home/vsarathy/proj/tools_sandbox/ros_packages/ros_macgyver/build/rosplan_interface_movebase/CMakeFiles/CMakeTmp/CheckSymbolExists.c:
/* */
#include <pthread.h>

int main(int argc, char** argv)
{
  (void)argv;
#ifndef pthread_create
  return ((int*)(&pthread_create))[argc];
#else
  (void)argc;
  return 0;
#endif
}

Determining if the function pthread_create exists in the pthreads failed with the following output:
Change Dir: /home/vsarathy/proj/tools_sandbox/ros_packages/ros_macgyver/build/rosplan_interface_movebase/CMakeFiles/CMakeTmp

Run Build Command:"/usr/bin/make" "cmTC_a34a3/fast"
/usr/bin/make -f CMakeFiles/cmTC_a34a3.dir/build.make CMakeFiles/cmTC_a34a3.dir/build
make[1]: Entering directory '/home/vsarathy/proj/tools_sandbox/ros_packages/ros_macgyver/build/rosplan_interface_movebase/CMakeFiles/CMakeTmp'
Building C object CMakeFiles/cmTC_a34a3.dir/CheckFunctionExists.c.o
/usr/bin/cc    -DCHECK_FUNCTION_EXISTS=pthread_create   -o CMakeFiles/cmTC_a34a3.dir/CheckFunctionExists.c.o   -c /usr/share/cmake-3.5/Modules/CheckFunctionExists.c
Linking C executable cmTC_a34a3
/usr/bin/cmake -E cmake_link_script CMakeFiles/cmTC_a34a3.dir/link.txt --verbose=1
/usr/bin/cc   -DCHECK_FUNCTION_EXISTS=pthread_create    CMakeFiles/cmTC_a34a3.dir/CheckFunctionExists.c.o  -o cmTC_a34a3 -rdynamic -lpthreads 
/usr/bin/ld: cannot find -lpthreads
collect2: error: ld returned 1 exit status
CMakeFiles/cmTC_a34a3.dir/build.make:97: recipe for target 'cmTC_a34a3' failed
make[1]: *** [cmTC_a34a3] Error 1
make[1]: Leaving directory '/home/vsarathy/proj/tools_sandbox/ros_packages/ros_macgyver/build/rosplan_interface_movebase/CMakeFiles/CMakeTmp'
Makefile:126: recipe for target 'cmTC_a34a3/fast' failed
make: *** [cmTC_a34a3/fast] Error 2


